19:11:03 [main] ERROR com.revature.views.LoginView - Login exception was thrown: com.revature.exceptions.LoginException
19:11:12 [main] ERROR com.revature.views.LoginView - Login exception was thrown: com.revature.exceptions.LoginException
19:17:04 [main] ERROR com.revature.views.LoginView - Login exception was thrown: com.revature.exceptions.LoginException
19:17:23 [main] INFO  com.revature.views.LoginView - User [id=1, username=user1, password=pw]
20:10:46 [main] INFO  com.revature.views.LoginView - User [id=1, username=user1, password=pw]
20:25:44 [main] INFO  com.revature.views.LoginView - User [id=1, username=user1, password=pw]
20:27:29 [main] ERROR com.revature.views.LoginView - Login exception was thrown: com.revature.exceptions.LoginException
20:29:23 [main] ERROR com.revature.views.LoginView - Login exception was thrown: com.revature.exceptions.LoginException
20:31:33 [main] INFO  com.revature.views.LoginView - User [id=1, username=user1, password=pw]
20:34:20 [main] INFO  com.revature.views.LoginView - User [id=1, username=user1, password=pw]
20:39:27 [main] INFO  com.revature.views.LoginView - User [id=1, username=user1, password=pw]
20:42:51 [main] INFO  com.revature.views.LoginView - User [id=1, username=user1, password=pw]
20:46:13 [main] ERROR com.revature.views.LoginView - Login exception was thrown: com.revature.exceptions.LoginException
20:46:23 [main] INFO  com.revature.views.LoginView - User [id=1, username=user1, password=pw]
20:47:19 [main] INFO  com.revature.views.LoginView - User [id=1, username=user1, password=pw]
20:47:53 [main] INFO  com.revature.views.LoginView - User [id=1, username=user1, password=pw]
20:49:48 [main] INFO  com.revature.views.LoginView - User [id=1, username=user1, password=pw]
20:50:11 [main] INFO  com.revature.views.LoginView - User [id=1, username=user1, password=pw]
20:50:33 [main] INFO  com.revature.views.LoginView - User [id=1, username=user1, password=pw]
20:53:08 [main] INFO  com.revature.views.LoginView - User [id=1, username=user1, password=pw]
20:53:31 [main] INFO  com.revature.views.LoginView - User [id=1, username=user1, password=pw]
03:10:55 [main] INFO  com.revature.views.LoginView - User [id=1, username=user1, password=pw]
05:55:01 [main] ERROR com.revature.views.LoginView - Login exception was thrown: com.revature.exceptions.LoginException
05:57:49 [main] ERROR com.revature.views.LoginView - Login exception was thrown: com.revature.exceptions.LoginException
05:59:23 [main] ERROR com.revature.views.LoginView - Login exception was thrown: com.revature.exceptions.LoginException
06:10:04 [main] ERROR com.revature.views.LoginView - Login exception was thrown: com.revature.exceptions.LoginException
16:49:24 [main] INFO  com.revature.views.LoginView - User [id=1, username=user1, password=pw]
16:55:22 [main] INFO  com.revature.views.LoginView - User [id=1, username=user1, password=pw]
17:12:58 [main] INFO  com.revature.views.LoginView - User [id=1, username=user1, password=pw]
17:14:12 [main] INFO  com.revature.views.LoginView - User [id=1, username=user1, password=pw]
17:15:15 [main] ERROR com.revature.views.LoginView - Login exception was thrown: com.revature.exceptions.LoginException
17:15:30 [main] INFO  com.revature.views.LoginView - User [id=1, username=user1, password=pw]
17:19:02 [main] INFO  com.revature.views.LoginView - User [id=1, username=user1, password=pw]
17:24:43 [main] INFO  com.revature.views.LoginView - User [id=1, username=user1, password=pw]
17:26:35 [main] INFO  com.revature.views.LoginView - User [id=1, username=user1, password=pw]
17:27:34 [main] INFO  com.revature.views.LoginView - User [id=1, username=user1, password=pw]
17:36:37 [main] INFO  com.revature.views.LoginView - User [id=1, username=user1, password=pw]
17:41:35 [main] INFO  com.revature.views.LoginView - User [id=1, username=user1, password=pw]
17:44:59 [main] INFO  com.revature.views.LoginView - User [id=1, username=user1, password=pw]
17:46:53 [main] INFO  com.revature.views.LoginView - User [id=1, username=user1, password=pw]
17:47:57 [main] INFO  com.revature.views.LoginView - User [id=1, username=user1, password=pw]
17:49:00 [main] INFO  com.revature.views.LoginView - User [id=1, username=user1, password=pw]
17:50:32 [main] INFO  com.revature.views.LoginView - User [id=1, username=user1, password=pw]
17:52:40 [main] INFO  com.revature.views.LoginView - User [id=1, username=user1, password=pw]
18:06:18 [main] INFO  com.revature.views.LoginView - User [id=1, username=user1, password=pw]
18:08:21 [main] INFO  com.revature.views.LoginView - User [id=1, username=user1, password=pw]
18:10:15 [main] ERROR com.revature.views.LoginView - Login exception was thrown: com.revature.exceptions.LoginException
18:13:42 [main] INFO  com.revature.views.LoginView - User [id=1, username=user1, password=pw]
18:35:41 [main] ERROR com.revature.views.LoginView - Login exception was thrown: com.revature.exceptions.LoginException
18:36:01 [main] INFO  com.revature.views.LoginView - User [id=1, username=user1, password=pw]
18:39:20 [main] ERROR com.revature.views.LoginView - Login exception was thrown: com.revature.exceptions.LoginException
18:39:26 [main] INFO  com.revature.views.LoginView - User [id=1, username=user1, password=pw]
18:41:16 [main] INFO  com.revature.views.LoginView - User [id=1, username=user1, password=pw]
18:41:44 [main] ERROR com.revature.views.LoginView - Login exception was thrown: com.revature.exceptions.LoginException
18:41:48 [main] INFO  com.revature.views.LoginView - User [id=2, username=user2, password=pw]
19:50:46 [main] ERROR com.revature.views.LoginView - Login exception was thrown: com.revature.exceptions.LoginException
19:54:00 [main] INFO  com.revature.views.LoginView - User [id=1, username=customer1, password=pw]
19:57:38 [main] ERROR com.revature.views.LoginView - Login exception was thrown: com.revature.exceptions.LoginException
19:57:43 [main] INFO  com.revature.views.LoginView - User [id=1, username=customer1, password=pw]
15:34:39 [main] INFO  com.revature.views.LoginView - User [id=1, username=customer1, password=pw]
15:34:51 [main] INFO  com.revature.views.LoginView - User [id=1, username=employee1, password=pw]
15:36:54 [main] ERROR com.revature.views.LoginView - Login exception was thrown: com.revature.exceptions.LoginException
15:37:02 [main] ERROR com.revature.views.LoginView - Login exception was thrown: com.revature.exceptions.LoginException
15:37:06 [main] INFO  com.revature.views.LoginView - User [id=1, username=employee1, password=pw]
15:42:14 [main] INFO  com.revature.views.LoginView - User [id=1, username=customer1, password=pw]
15:45:23 [main] INFO  com.revature.views.LoginView - User [id=1, username=customer1, password=pw]
15:47:47 [main] INFO  com.revature.views.LoginView - User [id=1, username=customer1, password=pw]
15:50:53 [main] INFO  com.revature.views.LoginView - User [id=1, username=customer1, password=pw]
15:51:06 [main] INFO  com.revature.views.LoginView - User [id=1, username=employee1, password=pw]
16:10:25 [main] INFO  com.revature.views.LoginView - User [id=1, username=customer1, password=pw]
16:10:39 [main] INFO  com.revature.views.LoginView - User [id=1, username=employee1, password=pw]
16:11:01 [main] INFO  com.revature.views.LoginView - User [id=1, username=employee1, password=pw]
16:41:20 [main] INFO  com.revature.views.LoginView - User [id=1, username=employee1, password=pw]
14:59:01 [main] ERROR com.revature.views.LoginView - Login exception was thrown: com.revature.exceptions.LoginException
14:59:53 [main] INFO  com.revature.views.LoginView - User [id=1, username=customer1, password=pw]
15:23:50 [main] INFO  com.revature.views.LoginView - User [id=1, username=customer1, password=pw]
15:31:12 [main] INFO  com.revature.views.LoginView - User [id=1, username=customer1, password=pw]
15:38:39 [main] INFO  com.revature.views.LoginView - User [id=1, username=customer1, password=pw]
15:39:41 [main] INFO  com.revature.views.LoginView - User [id=1, username=customer1, password=pw]
15:41:55 [main] INFO  com.revature.views.LoginView - User [id=1, username=customer1, password=pw]
15:45:41 [main] INFO  com.revature.views.LoginView - User [id=1, username=customer1, password=pw]
15:47:49 [main] INFO  com.revature.views.LoginView - User [id=1, username=customer1, password=pw]
16:19:14 [main] INFO  com.revature.views.LoginView - User [id=1, username=customer1, password=pw]
16:19:52 [main] INFO  com.revature.views.LoginView - User [id=1, username=customer1, password=pw]
16:22:35 [main] INFO  com.revature.views.LoginView - User [id=1, username=customer1, password=pw]
16:27:04 [main] INFO  com.revature.views.LoginView - User [id=1, username=customer1, password=pw]
16:33:41 [main] INFO  com.revature.views.LoginView - User [id=1, username=customer1, password=pw]
16:42:36 [main] INFO  com.revature.views.LoginView - User [id=1, username=employee1, password=pw]
16:43:01 [main] INFO  com.revature.views.LoginView - User [id=1, username=employee1, password=pw]
16:43:23 [main] INFO  com.revature.views.LoginView - User [id=1, username=customer1, password=pw]
17:42:56 [main] ERROR com.revature.views.LoginView - Login exception was thrown: com.revature.exceptions.LoginException
17:43:01 [main] INFO  com.revature.views.LoginView - User [id=1, username=customer1, password=pw]
17:45:37 [main] INFO  com.revature.views.LoginView - User [id=1, username=customer1, password=pw]
17:47:52 [main] INFO  com.revature.views.LoginView - User [id=1, username=customer1, password=pw]
17:51:12 [main] INFO  com.revature.views.LoginView - User [id=1, username=customer1, password=pw]
18:00:43 [main] INFO  com.revature.views.LoginView - User [id=1, username=customer1, password=pw]
18:09:19 [main] INFO  com.revature.views.LoginView - User [id=1, username=customer1, password=pw]
19:16:59 [main] INFO  com.revature.views.LoginView - User [id=1, username=customer1, password=pw]
19:18:34 [main] INFO  com.revature.views.LoginView - User [id=1, username=customer1, password=pw]
19:20:12 [main] ERROR com.revature.views.LoginView - Login exception was thrown: com.revature.exceptions.LoginException
19:20:17 [main] INFO  com.revature.views.LoginView - User [id=1, username=customer1, password=pw]
19:21:14 [main] INFO  com.revature.views.LoginView - User [id=1, username=customer1, password=pw]
19:21:36 [main] INFO  com.revature.views.LoginView - User [id=1, username=customer1, password=pw]
19:34:07 [main] INFO  com.revature.views.LoginView - User [id=1, username=customer1, password=pw]
19:36:53 [main] INFO  com.revature.views.LoginView - User [id=1, username=customer1, password=pw]
19:37:50 [main] INFO  com.revature.views.LoginView - User [id=1, username=customer1, password=pw]
19:39:24 [main] INFO  com.revature.views.LoginView - User [id=1, username=customer1, password=pw]
19:39:50 [main] INFO  com.revature.views.LoginView - User [id=1, username=customer1, password=pw]
19:40:19 [main] INFO  com.revature.views.LoginView - User [id=1, username=customer1, password=pw]
22:26:37 [main] INFO  com.revature.views.LoginView - User [id=1, username=customer1, password=pw]
22:27:29 [main] INFO  com.revature.views.LoginView - User [id=1, username=customer1, password=pw]
22:28:39 [main] INFO  com.revature.views.LoginView - User [id=1, username=customer1, password=pw]
22:29:25 [main] INFO  com.revature.views.LoginView - User [id=1, username=customer1, password=pw]
22:29:59 [main] INFO  com.revature.views.LoginView - User [id=1, username=customer1, password=pw]
22:53:15 [main] INFO  com.revature.views.LoginView - User [id=1, username=customer1, password=pw]
23:02:39 [main] INFO  com.revature.views.LoginView - User [id=1, username=customer1, password=pw]
23:21:00 [main] ERROR com.revature.views.LoginView - Login exception was thrown: com.revature.exceptions.LoginException
23:21:07 [main] INFO  com.revature.views.LoginView - User [id=1, username=customer1, password=pw]
23:30:24 [main] INFO  com.revature.views.LoginView - User [id=1, username=customer1, password=pw]
23:56:52 [main] INFO  com.revature.views.LoginView - User [id=1, username=employee1, password=pw]
23:57:30 [main] INFO  com.revature.views.LoginView - User [id=1, username=customer1, password=pw]
00:00:55 [main] ERROR com.revature.views.LoginView - Login exception was thrown: com.revature.exceptions.LoginException
00:01:00 [main] INFO  com.revature.views.LoginView - User [id=2, username=customer2, password=pw]
00:02:05 [main] INFO  com.revature.views.LoginView - User [id=2, username=customer2, password=pw]
00:49:48 [main] INFO  com.revature.views.LoginView - User [id=1, username=employee1, password=pw]
00:53:39 [main] INFO  com.revature.views.LoginView - User [id=1, username=employee1, password=pw]
00:56:20 [main] INFO  com.revature.views.LoginView - User [id=1, username=employee1, password=pw]
00:57:03 [main] INFO  com.revature.views.LoginView - User [id=1, username=customer1, password=pw]
01:03:16 [main] INFO  com.revature.views.LoginView - User [id=1, username=employee1, password=pw]
01:06:27 [main] INFO  com.revature.views.LoginView - User [id=1, username=customer1, password=pw]
01:07:26 [main] INFO  com.revature.views.LoginView - User [id=1, username=customer1, password=pw]
01:09:02 [main] INFO  com.revature.views.LoginView - User [id=1, username=employee1, password=pw]
01:12:31 [main] INFO  com.revature.views.LoginView - User [id=1, username=employee1, password=pw]
01:19:05 [main] INFO  com.revature.views.LoginView - User [id=1, username=employee1, password=pw]
01:39:55 [main] INFO  com.revature.views.LoginView - User [id=1, username=employee1, password=pw]
01:42:55 [main] INFO  com.revature.views.LoginView - User [id=1, username=employee1, password=pw]
01:48:40 [main] INFO  com.revature.views.LoginView - User [id=1, username=employee1, password=pw]
01:52:03 [main] INFO  com.revature.views.LoginView - User [id=1, username=employee1, password=pw]
01:52:39 [main] INFO  com.revature.views.LoginView - User [id=1, username=customer1, password=pw]
01:53:38 [main] INFO  com.revature.views.LoginView - User [id=1, username=employee1, password=pw]
01:55:03 [main] INFO  com.revature.views.LoginView - User [id=1, username=employee1, password=pw]
01:57:12 [main] INFO  com.revature.views.LoginView - User [id=1, username=employee1, password=pw]
02:05:43 [main] ERROR com.revature.views.LoginView - Login exception was thrown: com.revature.exceptions.LoginException
02:05:49 [main] INFO  com.revature.views.LoginView - User [id=1, username=employee1, password=pw]
02:07:23 [main] INFO  com.revature.views.LoginView - User [id=1, username=employee1, password=pw]
02:11:05 [main] INFO  com.revature.views.LoginView - User [id=1, username=employee1, password=pw]
02:12:34 [main] INFO  com.revature.views.LoginView - User [id=1, username=employee1, password=pw]
02:13:52 [main] INFO  com.revature.views.LoginView - User [id=1, username=employee1, password=pw]
02:15:14 [main] INFO  com.revature.views.LoginView - User [id=1, username=employee1, password=pw]
02:16:10 [main] INFO  com.revature.views.LoginView - User [id=1, username=employee1, password=pw]
02:17:09 [main] INFO  com.revature.views.LoginView - User [id=1, username=employee1, password=pw]
02:17:59 [main] INFO  com.revature.views.LoginView - User [id=1, username=employee1, password=pw]
02:23:41 [main] INFO  com.revature.views.LoginView - User [id=1, username=customer1, password=pw]
02:24:23 [main] INFO  com.revature.views.LoginView - User [id=1, username=employee1, password=pw]
02:25:14 [main] INFO  com.revature.views.LoginView - User [id=1, username=employee1, password=pw]
02:27:07 [main] INFO  com.revature.views.LoginView - User [id=1, username=employee1, password=pw]
02:28:10 [main] INFO  com.revature.views.LoginView - User [id=1, username=employee1, password=pw]
10:21:27 [main] INFO  com.revature.views.LoginView - User [id=2, username=testcustomer, password=pw]
10:22:19 [main] INFO  com.revature.views.LoginView - User [id=2, username=testcustomer, password=pw]
10:22:51 [main] INFO  com.revature.views.LoginView - User [id=2, username=testemployee, password=pw]
10:23:34 [main] INFO  com.revature.views.LoginView - User [id=2, username=testemployee, password=pw]
10:24:02 [main] INFO  com.revature.views.LoginView - User [id=2, username=testcustomer, password=pw]
12:27:24 [main] INFO  com.revature.views.LoginView - User [id=2, username=testemployee, password=pw]
12:33:15 [main] INFO  com.revature.views.LoginView - User [id=1, username=customer1, password=pw]
12:33:43 [main] INFO  com.revature.views.LoginView - User [id=1, username=employee1, password=pw]
12:48:16 [main] INFO  com.revature.views.LoginView - User [id=1, username=employee1, password=pw]
12:58:29 [main] INFO  com.revature.views.LoginView - User [id=1, username=employee1, password=pw]
13:00:18 [main] INFO  com.revature.views.LoginView - User [id=1, username=employee1, password=pw]
13:01:35 [main] INFO  com.revature.views.LoginView - User [id=1, username=employee1, password=pw]
13:01:58 [main] INFO  com.revature.views.LoginView - User [id=1, username=customer1, password=pw]
13:02:22 [main] INFO  com.revature.views.LoginView - User [id=1, username=employee1, password=pw]
14:31:34 [main] INFO  com.revature.views.LoginView - User [id=1, username=customer1, password=pw]
